current directory: C:/Users/SACHIN JEEVAN/Desktop/Edutain/LearnLykEngr/.bundle/gem-sassc/gems/sassc-2.0.0/ext
C:/RailsInstaller/Ruby2.3.3/bin/ruby.exe -rubygems C:/RailsInstaller/Ruby2.3.3/lib/ruby/gems/2.3.0/gems/rake-12.3.1/exe/rake RUBYARCHDIR="C:/Users/SACHIN JEEVAN/Desktop/Edutain/LearnLykEngr/.bundle/gem-sassc/extensions/x86-mingw32/2.3.0/sassc-2.0.0" RUBYLIBDIR="C:/Users/SACHIN JEEVAN/Desktop/Edutain/LearnLykEngr/.bundle/gem-sassc/extensions/x86-mingw32/2.3.0/sassc-2.0.0"
cd libsass
make lib/libsass.so
mkdir lib
gcc -Wall -O2 -I /c/Users/SACHIN /c/Users/SACHIN JEEVAN/Desktop/Edutain/LearnLykEngr/.bundle/gem-sassc/gems/sassc-2.0.0/ext/libsass/JEEVAN/Desktop/Edutain/LearnLykEngr/.bundle/gem-sassc/gems/sassc-2.0.0/ext/libsass/include -c -o src/cencode.o src/cencode.c
gcc.exe: error: c:/Users/SACHIN: No such file or directory
gcc.exe: error: JEEVAN/Desktop/Edutain/LearnLykEngr/.bundle/gem-sassc/gems/sassc-2.0.0/ext/libsass/JEEVAN/Desktop/Edutain/LearnLykEngr/.bundle/gem-sassc/gems/sassc-2.0.0/ext/libsass/include: No such file or directory
make: *** [src/cencode.o] Error 1
rake aborted!
Command failed with status (2): [make lib/libsass.so...]
C:/Users/SACHIN JEEVAN/Desktop/Edutain/LearnLykEngr/.bundle/gem-sassc/gems/sassc-2.0.0/lib/tasks/libsass.rb:31:in `block (2 levels) in <top (required)>'
C:/Users/SACHIN JEEVAN/Desktop/Edutain/LearnLykEngr/.bundle/gem-sassc/gems/sassc-2.0.0/lib/tasks/libsass.rb:13:in `block (3 levels) in <top (required)>'
C:/Users/SACHIN JEEVAN/Desktop/Edutain/LearnLykEngr/.bundle/gem-sassc/gems/sassc-2.0.0/lib/tasks/libsass.rb:12:in `block (2 levels) in <top (required)>'
Tasks: TOP => lib/libsass.so
(See full trace by running task with --trace)

rake failed, exit code 1
